<?xml version="1.0" encoding="UTF-8"?>
<!-- Generated by org.testng.reporters.JUnitXMLReporter -->
<testsuite ignored="0" hostname="Abhi2" failures="1" tests="2" name="Test" time="22.056" errors="0" timestamp="2024-11-08T14:16:55 IST">
  <testcase classname="com.test.OrangeHRM_Tests" name="loginPageTest" time="3.549"/>
  <testcase classname="com.test.OrangeHRM_Tests" name="loginTest" time="2.247">
    <failure type="java.lang.AssertionError" message="expected [OOrangeHRM] but found [OrangeHRM]">
      <![CDATA[java.lang.AssertionError: expected [OOrangeHRM] but found [OrangeHRM]
at com.test.OrangeHRM_Tests.loginTest(OrangeHRM_Tests.java:27)
at java.base/java.util.ArrayList.forEach(ArrayList.java:1597)
... Removed 31 stack frames]]>
    </failure>
  </testcase> <!-- loginTest -->
</testsuite> <!-- Test -->
